<?xml version="1.0" encoding="UTF-8"?>
<testng-results ignored="0" total="2" passed="2" failed="0" skipped="0">
  <reporter-output>
  </reporter-output>
  <suite started-at="2021-10-21T22:43:11 PET" name="TestBiblioteca" finished-at="2021-10-21T22:43:11 PET" duration-ms="91">
    <groups>
    </groups>
    <test started-at="2021-10-21T22:43:11 PET" name="Command line test" finished-at="2021-10-21T22:43:11 PET" duration-ms="91">
      <class name="TestBiblioteca">
        <test-method is-config="true" signature="TestBiblioteca()[pri:0, instance:TestBiblioteca@7098b907]" started-at="2021-10-21T22:43:11 PET" name="TestBiblioteca" finished-at="2021-10-21T22:43:11 PET" duration-ms="21" status="PASS">
          <reporter-output>
          </reporter-output>
        </test-method> <!-- TestBiblioteca -->
        <test-method signature="TestAnadirLibros()[pri:0, instance:TestBiblioteca@7098b907]" started-at="2021-10-21T22:43:11 PET" name="TestAnadirLibros" finished-at="2021-10-21T22:43:11 PET" duration-ms="22" status="PASS">
          <reporter-output>
          </reporter-output>
        </test-method> <!-- TestAnadirLibros -->
        <test-method signature="TestLectores()[pri:0, instance:TestBiblioteca@7098b907]" started-at="2021-10-21T22:43:11 PET" name="TestLectores" finished-at="2021-10-21T22:43:11 PET" duration-ms="0" status="PASS">
          <reporter-output>
          </reporter-output>
        </test-method> <!-- TestLectores -->
      </class> <!-- TestBiblioteca -->
    </test> <!-- Command line test -->
  </suite> <!-- TestBiblioteca -->
</testng-results>
